<?xml version="1.0" encoding="UTF-8"?>
<!-- Generated by org.testng.reporters.JUnitXMLReporter -->
<testsuite hostname="tOMARdHARAM" ignored="5" name="Test" tests="6" failures="0" timestamp="11 Jun 2019 03:02:48 GMT" time="2.264" errors="0">
  <testcase name="salesclick" time="1.049" classname="testPages.Sales_Test"/>
  <testcase name="inventorytest" time="0.28" classname="testPages.Inventory_Test"/>
  <testcase name="report_Test" time="0.164" classname="testPages.Report_Test"/>
  <testcase name="adminclick" time="0.332" classname="testPages.Admin_Test"/>
  <testcase name="usermgt_Test" time="0.191" classname="testPages.UserMgt_Test"/>
  <testcase name="clickdashboard" time="0.144" classname="testPages.Dashboard_Test"/>
  <testcase name="@BeforeSuite setup" time="0.0" classname="testPages.BaseClass">
    <ignored/>
  </testcase> <!-- @BeforeSuite setup -->
  <testcase name="@BeforeSuite setup" time="0.0" classname="testPages.BaseClass">
    <ignored/>
  </testcase> <!-- @BeforeSuite setup -->
  <testcase name="@BeforeSuite setup" time="0.0" classname="testPages.BaseClass">
    <ignored/>
  </testcase> <!-- @BeforeSuite setup -->
  <testcase name="@BeforeSuite setup" time="0.0" classname="testPages.BaseClass">
    <ignored/>
  </testcase> <!-- @BeforeSuite setup -->
  <testcase name="@BeforeSuite setup" time="0.0" classname="testPages.BaseClass">
    <ignored/>
  </testcase> <!-- @BeforeSuite setup -->
</testsuite> <!-- Test -->
