<?xml version="1.0" encoding="UTF-8"?>
<!-- Generated by org.testng.reporters.JUnitXMLReporter -->
<testsuite hostname="tOMARdHARAM" ignored="5" name="Command line test" tests="6" failures="0" timestamp="11 Jun 2019 03:14:04 GMT" time="1.784" errors="0">
  <testcase name="adminclick" time="1.0" classname="testPages.Admin_Test"/>
  <testcase name="clickdashboard" time="0.161" classname="testPages.Dashboard_Test"/>
  <testcase name="inventorytest" time="0.134" classname="testPages.Inventory_Test"/>
  <testcase name="report_Test" time="0.135" classname="testPages.Report_Test"/>
  <testcase name="salesclick" time="0.131" classname="testPages.Sales_Test"/>
  <testcase name="usermgt_Test" time="0.13" classname="testPages.UserMgt_Test"/>
  <testcase name="@BeforeSuite setup" time="0.0" classname="testPages.BaseClass">
    <ignored/>
  </testcase> <!-- @BeforeSuite setup -->
  <testcase name="@BeforeSuite setup" time="0.0" classname="testPages.BaseClass">
    <ignored/>
  </testcase> <!-- @BeforeSuite setup -->
  <testcase name="@BeforeSuite setup" time="0.0" classname="testPages.BaseClass">
    <ignored/>
  </testcase> <!-- @BeforeSuite setup -->
  <testcase name="@BeforeSuite setup" time="0.0" classname="testPages.BaseClass">
    <ignored/>
  </testcase> <!-- @BeforeSuite setup -->
  <testcase name="@BeforeSuite setup" time="0.0" classname="testPages.BaseClass">
    <ignored/>
  </testcase> <!-- @BeforeSuite setup -->
</testsuite> <!-- Command line test -->
